{"level":"INFO","message":"[12:57:27.319 PM]: Creating new connection object"}
{"level":"INFO","message":"[12:57:27.324 PM]: Creating Connection[id: c2a31420-9f35-4f05-87f3-1fd5603a9aef] with host: KZB37254.snowflakecomputing.com, account: KZB37254, accessUrl: https://KZB37254.snowflakecomputing.com, user: RISHIDUBEYINNOVAQ, role: undefined, database: QPF_BETA, schema: DATA, warehouse: COMPUTE_WH, proxy was not configured, password is provided, region: undefined, authenticator: SNOWFLAKE, ocsp mode: FAIL_OPEN, os: darwin, os version: 24.5.0"}
{"level":"INFO","message":"[12:57:27.325 PM]: Connection[id: c2a31420-9f35-4f05-87f3-1fd5603a9aef] additional details: passcode in password is provided, passcode is not provided, private key is not provided, application: undefined, client name: snowflake-sdk, client version: 2.1.2, retry timeout: 300, private key path: undefined, private key pass is not provided, client store temporary credential: false, browser response timeout: 120000"}
{"level":"INFO","message":"[12:57:27.325 PM]: Connection[id: c2a31420-9f35-4f05-87f3-1fd5603a9aef] - connection object created successfully."}
{"level":"INFO","message":"[12:57:27.326 PM]: Connection[id: c2a31420-9f35-4f05-87f3-1fd5603a9aef] - connecting. Associated Snowflake domain: GLOBAL"}
{"level":"INFO","message":"[12:57:27.326 PM]: Connection[id: c2a31420-9f35-4f05-87f3-1fd5603a9aef] - authentication successful using: SNOWFLAKE"}
{"level":"INFO","message":"[12:57:27.326 PM]: Trying to initialize Easy Logging"}
{"level":"INFO","message":"[12:57:27.333 PM]: No client config detected."}
{"level":"INFO","message":"[12:57:27.333 PM]: No config file path found. Client config will not be used."}
{"level":"INFO","message":"[12:57:27.333 PM]: Easy Logging is disabled as no config has been found"}
{"level":"INFO","message":"[12:57:27.338 PM]: Connection[id: c2a31420-9f35-4f05-87f3-1fd5603a9aef] - connected successfully after 12.278416000306606 milliseconds"}
{"level":"INFO","message":"[12:58:31.235 PM]: Creating new connection object"}
{"level":"INFO","message":"[12:58:31.236 PM]: Creating Connection[id: 2d6551d8-79cf-4845-b60d-3fd5ffb8f170] with host: KZB37254.snowflakecomputing.com, account: KZB37254, accessUrl: https://KZB37254.snowflakecomputing.com, user: RISHIDUBEYINNOVAQ, role: undefined, database: QPF_BETA, schema: DATA, warehouse: COMPUTE_WH, proxy was not configured, password is provided, region: undefined, authenticator: SNOWFLAKE, ocsp mode: FAIL_OPEN, os: darwin, os version: 24.5.0"}
{"level":"INFO","message":"[12:58:31.236 PM]: Connection[id: 2d6551d8-79cf-4845-b60d-3fd5ffb8f170] additional details: passcode in password is provided, passcode is not provided, private key is not provided, application: undefined, client name: snowflake-sdk, client version: 2.1.2, retry timeout: 300, private key path: undefined, private key pass is not provided, client store temporary credential: false, browser response timeout: 120000"}
{"level":"INFO","message":"[12:58:31.236 PM]: Connection[id: 2d6551d8-79cf-4845-b60d-3fd5ffb8f170] - connection object created successfully."}
{"level":"INFO","message":"[12:58:31.236 PM]: Connection[id: 2d6551d8-79cf-4845-b60d-3fd5ffb8f170] - connecting. Associated Snowflake domain: GLOBAL"}
{"level":"INFO","message":"[12:58:31.236 PM]: Connection[id: 2d6551d8-79cf-4845-b60d-3fd5ffb8f170] - authentication successful using: SNOWFLAKE"}
{"level":"INFO","message":"[12:58:31.237 PM]: Connection[id: 2d6551d8-79cf-4845-b60d-3fd5ffb8f170] - connected successfully after 0.8627920001745224 milliseconds"}
{"level":"INFO","message":"[12:58:36.059 PM]: Creating new connection object"}
{"level":"INFO","message":"[12:58:36.060 PM]: Creating Connection[id: 08716221-d54f-4c57-8825-6ff8773b74b4] with host: KZB37254.snowflakecomputing.com, account: KZB37254, accessUrl: https://KZB37254.snowflakecomputing.com, user: RISHIDUBEYINNOVAQ, role: undefined, database: QPF_BETA, schema: DATA, warehouse: COMPUTE_WH, proxy was not configured, password is provided, region: undefined, authenticator: SNOWFLAKE, ocsp mode: FAIL_OPEN, os: darwin, os version: 24.5.0"}
{"level":"INFO","message":"[12:58:36.060 PM]: Connection[id: 08716221-d54f-4c57-8825-6ff8773b74b4] additional details: passcode in password is provided, passcode is not provided, private key is not provided, application: undefined, client name: snowflake-sdk, client version: 2.1.2, retry timeout: 300, private key path: undefined, private key pass is not provided, client store temporary credential: false, browser response timeout: 120000"}
{"level":"INFO","message":"[12:58:36.060 PM]: Connection[id: 08716221-d54f-4c57-8825-6ff8773b74b4] - connection object created successfully."}
{"level":"INFO","message":"[12:58:36.060 PM]: Connection[id: 08716221-d54f-4c57-8825-6ff8773b74b4] - connecting. Associated Snowflake domain: GLOBAL"}
{"level":"INFO","message":"[12:58:36.060 PM]: Connection[id: 08716221-d54f-4c57-8825-6ff8773b74b4] - authentication successful using: SNOWFLAKE"}
{"level":"INFO","message":"[12:58:36.061 PM]: Connection[id: 08716221-d54f-4c57-8825-6ff8773b74b4] - connected successfully after 0.45325000025331974 milliseconds"}
{"level":"INFO","message":"[12:58:49.871 PM]: Creating new connection object"}
{"level":"INFO","message":"[12:58:49.871 PM]: Creating Connection[id: 5d24e4e9-42cb-4db0-9838-18d3314fe777] with host: KZB37254.snowflakecomputing.com, account: KZB37254, accessUrl: https://KZB37254.snowflakecomputing.com, user: RISHIDUBEYINNOVAQ, role: undefined, database: QPF_BETA, schema: DATA, warehouse: COMPUTE_WH, proxy was not configured, password is provided, region: undefined, authenticator: SNOWFLAKE, ocsp mode: FAIL_OPEN, os: darwin, os version: 24.5.0"}
{"level":"INFO","message":"[12:58:49.871 PM]: Connection[id: 5d24e4e9-42cb-4db0-9838-18d3314fe777] additional details: passcode in password is provided, passcode is not provided, private key is not provided, application: undefined, client name: snowflake-sdk, client version: 2.1.2, retry timeout: 300, private key path: undefined, private key pass is not provided, client store temporary credential: false, browser response timeout: 120000"}
{"level":"INFO","message":"[12:58:49.871 PM]: Connection[id: 5d24e4e9-42cb-4db0-9838-18d3314fe777] - connection object created successfully."}
{"level":"INFO","message":"[12:58:49.871 PM]: Connection[id: 5d24e4e9-42cb-4db0-9838-18d3314fe777] - connecting. Associated Snowflake domain: GLOBAL"}
{"level":"INFO","message":"[12:58:49.871 PM]: Connection[id: 5d24e4e9-42cb-4db0-9838-18d3314fe777] - authentication successful using: SNOWFLAKE"}
{"level":"INFO","message":"[12:58:49.872 PM]: Connection[id: 5d24e4e9-42cb-4db0-9838-18d3314fe777] - connected successfully after 0.5598329994827509 milliseconds"}
{"level":"INFO","message":"[12:59:47.803 PM]: Creating new connection object"}
{"level":"INFO","message":"[12:59:47.803 PM]: Creating Connection[id: 0035c66a-a04a-4637-8727-89aa4558414f] with host: KZB37254.snowflakecomputing.com, account: KZB37254, accessUrl: https://KZB37254.snowflakecomputing.com, user: RISHIDUBEYINNOVAQ, role: undefined, database: QPF_BETA, schema: DATA, warehouse: COMPUTE_WH, proxy was not configured, password is provided, region: undefined, authenticator: SNOWFLAKE, ocsp mode: FAIL_OPEN, os: darwin, os version: 24.5.0"}
{"level":"INFO","message":"[12:59:47.803 PM]: Connection[id: 0035c66a-a04a-4637-8727-89aa4558414f] additional details: passcode in password is provided, passcode is not provided, private key is not provided, application: undefined, client name: snowflake-sdk, client version: 2.1.2, retry timeout: 300, private key path: undefined, private key pass is not provided, client store temporary credential: false, browser response timeout: 120000"}
{"level":"INFO","message":"[12:59:47.803 PM]: Connection[id: 0035c66a-a04a-4637-8727-89aa4558414f] - connection object created successfully."}
{"level":"INFO","message":"[12:59:47.804 PM]: Connection[id: 0035c66a-a04a-4637-8727-89aa4558414f] - connecting. Associated Snowflake domain: GLOBAL"}
{"level":"INFO","message":"[12:59:47.804 PM]: Connection[id: 0035c66a-a04a-4637-8727-89aa4558414f] - authentication successful using: SNOWFLAKE"}
{"level":"INFO","message":"[12:59:47.804 PM]: Connection[id: 0035c66a-a04a-4637-8727-89aa4558414f] - connected successfully after 0.473000000230968 milliseconds"}
{"level":"INFO","message":"[1:02:36.300 PM]: Creating new connection object"}
{"level":"INFO","message":"[1:02:36.310 PM]: Creating Connection[id: c182dcd5-5f08-4851-9380-c6be2926e11b] with host: KZB37254.snowflakecomputing.com, account: KZB37254, accessUrl: https://KZB37254.snowflakecomputing.com, user: RISHIDUBEYINNOVAQ, role: undefined, database: QPF_BETA, schema: DATA, warehouse: COMPUTE_WH, proxy was not configured, password is provided, region: undefined, authenticator: SNOWFLAKE, ocsp mode: FAIL_OPEN, os: darwin, os version: 24.5.0"}
{"level":"INFO","message":"[1:02:36.310 PM]: Connection[id: c182dcd5-5f08-4851-9380-c6be2926e11b] additional details: passcode in password is provided, passcode is not provided, private key is not provided, application: undefined, client name: snowflake-sdk, client version: 2.1.2, retry timeout: 300, private key path: undefined, private key pass is not provided, client store temporary credential: false, browser response timeout: 120000"}
{"level":"INFO","message":"[1:02:36.311 PM]: Connection[id: c182dcd5-5f08-4851-9380-c6be2926e11b] - connection object created successfully."}
{"level":"INFO","message":"[1:02:36.312 PM]: Connection[id: c182dcd5-5f08-4851-9380-c6be2926e11b] - connecting. Associated Snowflake domain: GLOBAL"}
{"level":"INFO","message":"[1:02:36.312 PM]: Connection[id: c182dcd5-5f08-4851-9380-c6be2926e11b] - authentication successful using: SNOWFLAKE"}
{"level":"INFO","message":"[1:02:36.312 PM]: Trying to initialize Easy Logging"}
{"level":"INFO","message":"[1:02:36.321 PM]: No client config detected."}
{"level":"INFO","message":"[1:02:36.321 PM]: No config file path found. Client config will not be used."}
{"level":"INFO","message":"[1:02:36.321 PM]: Easy Logging is disabled as no config has been found"}
{"level":"INFO","message":"[1:02:36.323 PM]: Connection[id: c182dcd5-5f08-4851-9380-c6be2926e11b] - connected successfully after 11.266958000138402 milliseconds"}
{"level":"INFO","message":"[1:04:04.572 PM]: Creating new connection object"}
{"level":"INFO","message":"[1:04:04.576 PM]: Creating Connection[id: 94eb58af-a7e7-4429-8ba1-a5652469f64e] with host: KZB37254.snowflakecomputing.com, account: KZB37254, accessUrl: https://KZB37254.snowflakecomputing.com, user: RISHIDUBEYINNOVAQ, role: undefined, database: DENVER_BETA, schema: DATA, warehouse: COMPUTE_WH, proxy was not configured, password is provided, region: undefined, authenticator: SNOWFLAKE, ocsp mode: FAIL_OPEN, os: darwin, os version: 24.5.0"}
{"level":"INFO","message":"[1:04:04.577 PM]: Connection[id: 94eb58af-a7e7-4429-8ba1-a5652469f64e] additional details: passcode in password is provided, passcode is not provided, private key is not provided, application: undefined, client name: snowflake-sdk, client version: 2.1.2, retry timeout: 300, private key path: undefined, private key pass is not provided, client store temporary credential: false, browser response timeout: 120000"}
{"level":"INFO","message":"[1:04:04.577 PM]: Connection[id: 94eb58af-a7e7-4429-8ba1-a5652469f64e] - connection object created successfully."}
{"level":"INFO","message":"[1:04:04.578 PM]: Connection[id: 94eb58af-a7e7-4429-8ba1-a5652469f64e] - connecting. Associated Snowflake domain: GLOBAL"}
{"level":"INFO","message":"[1:04:04.578 PM]: Connection[id: 94eb58af-a7e7-4429-8ba1-a5652469f64e] - authentication successful using: SNOWFLAKE"}
{"level":"INFO","message":"[1:04:04.578 PM]: Trying to initialize Easy Logging"}
{"level":"INFO","message":"[1:04:04.580 PM]: No client config detected."}
{"level":"INFO","message":"[1:04:04.580 PM]: No config file path found. Client config will not be used."}
{"level":"INFO","message":"[1:04:04.580 PM]: Easy Logging is disabled as no config has been found"}
{"level":"INFO","message":"[1:04:04.583 PM]: Connection[id: 94eb58af-a7e7-4429-8ba1-a5652469f64e] - connected successfully after 5.83829199988395 milliseconds"}
